{"/app/src/App.jsx": {"path":"/app/src/App.jsx","statementMap":{"0":{"start":{"line":7,"column":42},"end":{"line":7,"column":null}},"1":{"start":{"line":8,"column":26},"end":{"line":8,"column":null}},"2":{"start":{"line":8,"column":45},"end":{"line":8,"column":89}},"3":{"start":{"line":10,"column":29},"end":{"line":12,"column":null}},"4":{"start":{"line":11,"column":4},"end":{"line":11,"column":null}},"5":{"start":{"line":14,"column":2},"end":{"line":66,"column":null}},"6":{"start":{"line":30,"column":29},"end":{"line":30,"column":null}},"7":{"start":{"line":50,"column":98},"end":{"line":50,"column":123}},"8":{"start":{"line":63,"column":23},"end":{"line":63,"column":null}}},"fnMap":{"0":{"name":"App","decl":{"start":{"line":6,"column":9},"end":{"line":6,"column":15}},"loc":{"start":{"line":6,"column":15},"end":{"line":68,"column":null}},"line":6},"1":{"name":"(anonymous_1)","decl":{"start":{"line":8,"column":39},"end":{"line":8,"column":45}},"loc":{"start":{"line":8,"column":45},"end":{"line":8,"column":89}},"line":8},"2":{"name":"(anonymous_2)","decl":{"start":{"line":10,"column":29},"end":{"line":10,"column":30}},"loc":{"start":{"line":10,"column":38},"end":{"line":12,"column":null}},"line":10},"3":{"name":"(anonymous_3)","decl":{"start":{"line":30,"column":23},"end":{"line":30,"column":29}},"loc":{"start":{"line":30,"column":29},"end":{"line":30,"column":null}},"line":30},"4":{"name":"(anonymous_4)","decl":{"start":{"line":50,"column":92},"end":{"line":50,"column":98}},"loc":{"start":{"line":50,"column":98},"end":{"line":50,"column":123}},"line":50},"5":{"name":"(anonymous_5)","decl":{"start":{"line":63,"column":17},"end":{"line":63,"column":23}},"loc":{"start":{"line":63,"column":23},"end":{"line":63,"column":null}},"line":63}},"branchMap":{"0":{"loc":{"start":{"line":8,"column":45},"end":{"line":8,"column":89}},"type":"binary-expr","locations":[{"start":{"line":8,"column":45},"end":{"line":8,"column":87}},{"start":{"line":8,"column":87},"end":{"line":8,"column":89}}],"line":8},"1":{"loc":{"start":{"line":35,"column":15},"end":{"line":36,"column":null}},"type":"binary-expr","locations":[{"start":{"line":35,"column":15},"end":{"line":35,"column":null}},{"start":{"line":36,"column":17},"end":{"line":36,"column":null}}],"line":35},"2":{"loc":{"start":{"line":45,"column":9},"end":{"line":54,"column":null}},"type":"binary-expr","locations":[{"start":{"line":45,"column":9},"end":{"line":45,"column":null}},{"start":{"line":46,"column":12},"end":{"line":54,"column":null}}],"line":45}},"s":{"0":13,"1":13,"2":7,"3":13,"4":1,"5":13,"6":3,"7":1,"8":2},"f":{"0":13,"1":7,"2":1,"3":3,"4":1,"5":2},"b":{"0":[7,6],"1":[13,11],"2":[13,11]},"meta":{"lastBranch":3,"lastFunction":6,"lastStatement":9,"seen":{"f:6:9:6:15":0,"s:7:42:7:Infinity":0,"s:8:26:8:Infinity":1,"f:8:39:8:45":1,"s:8:45:8:89":2,"b:8:45:8:87:8:87:8:89":0,"s:10:29:12:Infinity":3,"f:10:29:10:30":2,"s:11:4:11:Infinity":4,"s:14:2:66:Infinity":5,"f:30:23:30:29":3,"s:30:29:30:Infinity":6,"b:35:15:35:Infinity:36:17:36:Infinity":1,"b:45:9:45:Infinity:46:12:54:Infinity":2,"f:50:92:50:98":4,"s:50:98:50:123":7,"f:63:17:63:23":5,"s:63:23:63:Infinity":8}}}
,"/app/src/components/Feed.jsx": {"path":"/app/src/components/Feed.jsx","statementMap":{"0":{"start":{"line":6,"column":19},"end":{"line":6,"column":null}},"1":{"start":{"line":8,"column":13},"end":{"line":150,"column":null}},"2":{"start":{"line":9,"column":22},"end":{"line":9,"column":null}},"3":{"start":{"line":10,"column":28},"end":{"line":10,"column":null}},"4":{"start":{"line":11,"column":44},"end":{"line":11,"column":null}},"5":{"start":{"line":12,"column":42},"end":{"line":12,"column":null}},"6":{"start":{"line":13,"column":28},"end":{"line":13,"column":null}},"7":{"start":{"line":14,"column":46},"end":{"line":14,"column":null}},"8":{"start":{"line":15,"column":22},"end":{"line":15,"column":null}},"9":{"start":{"line":18,"column":2},"end":{"line":27,"column":null}},"10":{"start":{"line":19,"column":20},"end":{"line":19,"column":null}},"11":{"start":{"line":21,"column":4},"end":{"line":24,"column":null}},"12":{"start":{"line":21,"column":17},"end":{"line":21,"column":37}},"13":{"start":{"line":22,"column":18},"end":{"line":22,"column":null}},"14":{"start":{"line":23,"column":8},"end":{"line":23,"column":null}},"15":{"start":{"line":25,"column":4},"end":{"line":25,"column":null}},"16":{"start":{"line":26,"column":4},"end":{"line":26,"column":null}},"17":{"start":{"line":29,"column":23},"end":{"line":71,"column":null}},"18":{"start":{"line":30,"column":4},"end":{"line":30,"column":null}},"19":{"start":{"line":30,"column":38},"end":{"line":30,"column":null}},"20":{"start":{"line":31,"column":4},"end":{"line":31,"column":null}},"21":{"start":{"line":33,"column":4},"end":{"line":70,"column":null}},"22":{"start":{"line":34,"column":28},"end":{"line":34,"column":null}},"23":{"start":{"line":35,"column":8},"end":{"line":39,"column":null}},"24":{"start":{"line":36,"column":12},"end":{"line":36,"column":null}},"25":{"start":{"line":37,"column":12},"end":{"line":37,"column":null}},"26":{"start":{"line":38,"column":12},"end":{"line":38,"column":null}},"27":{"start":{"line":41,"column":24},"end":{"line":41,"column":null}},"28":{"start":{"line":43,"column":8},"end":{"line":60,"column":null}},"29":{"start":{"line":44,"column":29},"end":{"line":44,"column":null}},"30":{"start":{"line":46,"column":27},"end":{"line":50,"column":null}},"31":{"start":{"line":47,"column":16},"end":{"line":49,"column":null}},"32":{"start":{"line":48,"column":20},"end":{"line":48,"column":null}},"33":{"start":{"line":52,"column":12},"end":{"line":58,"column":null}},"34":{"start":{"line":53,"column":30},"end":{"line":53,"column":null}},"35":{"start":{"line":54,"column":30},"end":{"line":54,"column":null}},"36":{"start":{"line":55,"column":16},"end":{"line":55,"column":null}},"37":{"start":{"line":55,"column":34},"end":{"line":55,"column":null}},"38":{"start":{"line":56,"column":16},"end":{"line":56,"column":null}},"39":{"start":{"line":56,"column":34},"end":{"line":56,"column":null}},"40":{"start":{"line":57,"column":16},"end":{"line":57,"column":null}},"41":{"start":{"line":59,"column":12},"end":{"line":59,"column":null}},"42":{"start":{"line":62,"column":8},"end":{"line":62,"column":null}},"43":{"start":{"line":62,"column":34},"end":{"line":62,"column":51}},"44":{"start":{"line":63,"column":8},"end":{"line":65,"column":null}},"45":{"start":{"line":64,"column":12},"end":{"line":64,"column":null}},"46":{"start":{"line":67,"column":8},"end":{"line":67,"column":null}},"47":{"start":{"line":69,"column":8},"end":{"line":69,"column":null}},"48":{"start":{"line":74,"column":2},"end":{"line":79,"column":null}},"49":{"start":{"line":75,"column":4},"end":{"line":77,"column":null}},"50":{"start":{"line":76,"column":8},"end":{"line":76,"column":null}},"51":{"start":{"line":81,"column":8},"end":{"line":84,"column":null}},"52":{"start":{"line":82,"column":17},"end":{"line":82,"column":null}},"53":{"start":{"line":82,"column":55},"end":{"line":82,"column":68}},"54":{"start":{"line":83,"column":4},"end":{"line":83,"column":null}},"55":{"start":{"line":86,"column":23},"end":{"line":88,"column":null}},"56":{"start":{"line":88,"column":26},"end":{"line":88,"column":60}},"57":{"start":{"line":90,"column":2},"end":{"line":148,"column":null}},"58":{"start":{"line":96,"column":16},"end":{"line":106,"column":null}},"59":{"start":{"line":98,"column":35},"end":{"line":98,"column":null}},"60":{"start":{"line":114,"column":12},"end":{"line":114,"column":null}}},"fnMap":{"0":{"name":"(anonymous_0)","decl":{"start":{"line":8,"column":13},"end":{"line":8,"column":14}},"loc":{"start":{"line":8,"column":29},"end":{"line":150,"column":null}},"line":8},"1":{"name":"(anonymous_1)","decl":{"start":{"line":18,"column":12},"end":{"line":18,"column":18}},"loc":{"start":{"line":18,"column":18},"end":{"line":27,"column":5}},"line":18},"2":{"name":"(anonymous_2)","decl":{"start":{"line":29,"column":23},"end":{"line":29,"column":35}},"loc":{"start":{"line":29,"column":35},"end":{"line":71,"column":null}},"line":29},"3":{"name":"(anonymous_3)","decl":{"start":{"line":43,"column":16},"end":{"line":43,"column":24}},"loc":{"start":{"line":43,"column":24},"end":{"line":60,"column":9}},"line":43},"4":{"name":"(anonymous_4)","decl":{"start":{"line":46,"column":43},"end":{"line":46,"column":44}},"loc":{"start":{"line":47,"column":16},"end":{"line":49,"column":null}},"line":47},"5":{"name":"(anonymous_5)","decl":{"start":{"line":47,"column":41},"end":{"line":47,"column":42}},"loc":{"start":{"line":48,"column":20},"end":{"line":48,"column":null}},"line":48},"6":{"name":"(anonymous_6)","decl":{"start":{"line":52,"column":24},"end":{"line":52,"column":25}},"loc":{"start":{"line":52,"column":34},"end":{"line":58,"column":13}},"line":52},"7":{"name":"(anonymous_7)","decl":{"start":{"line":62,"column":26},"end":{"line":62,"column":34}},"loc":{"start":{"line":62,"column":34},"end":{"line":62,"column":51}},"line":62},"8":{"name":"(anonymous_8)","decl":{"start":{"line":74,"column":12},"end":{"line":74,"column":18}},"loc":{"start":{"line":74,"column":18},"end":{"line":79,"column":5}},"line":74},"9":{"name":"(anonymous_9)","decl":{"start":{"line":81,"column":29},"end":{"line":81,"column":35}},"loc":{"start":{"line":81,"column":35},"end":{"line":84,"column":5}},"line":81},"10":{"name":"(anonymous_10)","decl":{"start":{"line":82,"column":47},"end":{"line":82,"column":55}},"loc":{"start":{"line":82,"column":55},"end":{"line":82,"column":68}},"line":82},"11":{"name":"(anonymous_11)","decl":{"start":{"line":88,"column":18},"end":{"line":88,"column":26}},"loc":{"start":{"line":88,"column":26},"end":{"line":88,"column":60}},"line":88},"12":{"name":"(anonymous_12)","decl":{"start":{"line":95,"column":28},"end":{"line":95,"column":null}},"loc":{"start":{"line":96,"column":16},"end":{"line":106,"column":null}},"line":96},"13":{"name":"(anonymous_13)","decl":{"start":{"line":98,"column":29},"end":{"line":98,"column":35}},"loc":{"start":{"line":98,"column":35},"end":{"line":98,"column":null}},"line":98},"14":{"name":"(anonymous_14)","decl":{"start":{"line":113,"column":26},"end":{"line":113,"column":27}},"loc":{"start":{"line":114,"column":12},"end":{"line":114,"column":null}},"line":114}},"branchMap":{"0":{"loc":{"start":{"line":30,"column":4},"end":{"line":30,"column":null}},"type":"if","locations":[{"start":{"line":30,"column":4},"end":{"line":30,"column":null}},{"start":{},"end":{}}],"line":30},"1":{"loc":{"start":{"line":30,"column":8},"end":{"line":30,"column":38}},"type":"binary-expr","locations":[{"start":{"line":30,"column":8},"end":{"line":30,"column":19}},{"start":{"line":30,"column":19},"end":{"line":30,"column":31}},{"start":{"line":30,"column":31},"end":{"line":30,"column":38}}],"line":30},"2":{"loc":{"start":{"line":35,"column":8},"end":{"line":39,"column":null}},"type":"if","locations":[{"start":{"line":35,"column":8},"end":{"line":39,"column":null}},{"start":{},"end":{}}],"line":35},"3":{"loc":{"start":{"line":55,"column":16},"end":{"line":55,"column":null}},"type":"if","locations":[{"start":{"line":55,"column":16},"end":{"line":55,"column":null}},{"start":{},"end":{}}],"line":55},"4":{"loc":{"start":{"line":56,"column":16},"end":{"line":56,"column":null}},"type":"if","locations":[{"start":{"line":56,"column":16},"end":{"line":56,"column":null}},{"start":{},"end":{}}],"line":56},"5":{"loc":{"start":{"line":63,"column":8},"end":{"line":65,"column":null}},"type":"if","locations":[{"start":{"line":63,"column":8},"end":{"line":65,"column":null}},{"start":{},"end":{}}],"line":63},"6":{"loc":{"start":{"line":75,"column":4},"end":{"line":77,"column":null}},"type":"if","locations":[{"start":{"line":75,"column":4},"end":{"line":77,"column":null}},{"start":{},"end":{}}],"line":75},"7":{"loc":{"start":{"line":75,"column":8},"end":{"line":75,"column":35}},"type":"binary-expr","locations":[{"start":{"line":75,"column":8},"end":{"line":75,"column":16}},{"start":{"line":75,"column":16},"end":{"line":75,"column":35}}],"line":75},"8":{"loc":{"start":{"line":86,"column":23},"end":{"line":88,"column":null}},"type":"cond-expr","locations":[{"start":{"line":87,"column":6},"end":{"line":87,"column":null}},{"start":{"line":88,"column":6},"end":{"line":88,"column":null}}],"line":86},"9":{"loc":{"start":{"line":93,"column":7},"end":{"line":108,"column":null}},"type":"binary-expr","locations":[{"start":{"line":93,"column":7},"end":{"line":93,"column":null}},{"start":{"line":94,"column":10},"end":{"line":108,"column":null}}],"line":93},"10":{"loc":{"start":{"line":100,"column":24},"end":{"line":102,"column":null}},"type":"cond-expr","locations":[{"start":{"line":101,"column":26},"end":{"line":101,"column":null}},{"start":{"line":102,"column":26},"end":{"line":102,"column":null}}],"line":100},"11":{"loc":{"start":{"line":119,"column":7},"end":{"line":126,"column":null}},"type":"binary-expr","locations":[{"start":{"line":119,"column":7},"end":{"line":119,"column":19}},{"start":{"line":119,"column":19},"end":{"line":119,"column":null}},{"start":{"line":120,"column":8},"end":{"line":126,"column":null}}],"line":119},"12":{"loc":{"start":{"line":131,"column":9},"end":{"line":145,"column":null}},"type":"cond-expr","locations":[{"start":{"line":132,"column":13},"end":{"line":135,"column":null}},{"start":{"line":136,"column":12},"end":{"line":145,"column":null}}],"line":131},"13":{"loc":{"start":{"line":136,"column":12},"end":{"line":145,"column":null}},"type":"cond-expr","locations":[{"start":{"line":137,"column":12},"end":{"line":143,"column":null}},{"start":{"line":145,"column":12},"end":{"line":145,"column":null}}],"line":136}},"s":{"0":2,"1":2,"2":64,"3":64,"4":64,"5":64,"6":64,"7":64,"8":64,"9":64,"10":14,"11":14,"12":14,"13":78,"14":78,"15":14,"16":14,"17":64,"18":19,"19":0,"20":19,"21":19,"22":19,"23":19,"24":1,"25":1,"26":1,"27":18,"28":16,"29":16,"30":16,"31":24,"32":30,"33":16,"34":6,"35":6,"36":6,"37":1,"38":5,"39":1,"40":4,"41":16,"42":16,"43":14,"44":16,"45":4,"46":1,"47":18,"48":64,"49":28,"50":14,"51":64,"52":28,"53":19,"54":28,"55":64,"56":2,"57":64,"58":45,"59":2,"60":27},"f":{"0":64,"1":14,"2":19,"3":16,"4":24,"5":30,"6":6,"7":14,"8":28,"9":28,"10":19,"11":2,"12":45,"13":2,"14":27},"b":{"0":[0,19],"1":[19,19,19],"2":[1,18],"3":[1,5],"4":[1,4],"5":[4,12],"6":[14,14],"7":[28,14],"8":[63,1],"9":[64,20],"10":[20,25],"11":[64,46,31],"12":[18,46],"13":[42,4]},"meta":{"lastBranch":14,"lastFunction":15,"lastStatement":61,"seen":{"s:6:19:6:Infinity":0,"s:8:13:150:Infinity":1,"f:8:13:8:14":0,"s:9:22:9:Infinity":2,"s:10:28:10:Infinity":3,"s:11:44:11:Infinity":4,"s:12:42:12:Infinity":5,"s:13:28:13:Infinity":6,"s:14:46:14:Infinity":7,"s:15:22:15:Infinity":8,"s:18:2:27:Infinity":9,"f:18:12:18:18":1,"s:19:20:19:Infinity":10,"s:21:4:24:Infinity":11,"s:21:17:21:37":12,"s:22:18:22:Infinity":13,"s:23:8:23:Infinity":14,"s:25:4:25:Infinity":15,"s:26:4:26:Infinity":16,"s:29:23:71:Infinity":17,"f:29:23:29:35":2,"b:30:4:30:Infinity:undefined:undefined:undefined:undefined":0,"s:30:4:30:Infinity":18,"b:30:8:30:19:30:19:30:31:30:31:30:38":1,"s:30:38:30:Infinity":19,"s:31:4:31:Infinity":20,"s:33:4:70:Infinity":21,"s:34:28:34:Infinity":22,"b:35:8:39:Infinity:undefined:undefined:undefined:undefined":2,"s:35:8:39:Infinity":23,"s:36:12:36:Infinity":24,"s:37:12:37:Infinity":25,"s:38:12:38:Infinity":26,"s:41:24:41:Infinity":27,"s:43:8:60:Infinity":28,"f:43:16:43:24":3,"s:44:29:44:Infinity":29,"s:46:27:50:Infinity":30,"f:46:43:46:44":4,"s:47:16:49:Infinity":31,"f:47:41:47:42":5,"s:48:20:48:Infinity":32,"s:52:12:58:Infinity":33,"f:52:24:52:25":6,"s:53:30:53:Infinity":34,"s:54:30:54:Infinity":35,"b:55:16:55:Infinity:undefined:undefined:undefined:undefined":3,"s:55:16:55:Infinity":36,"s:55:34:55:Infinity":37,"b:56:16:56:Infinity:undefined:undefined:undefined:undefined":4,"s:56:16:56:Infinity":38,"s:56:34:56:Infinity":39,"s:57:16:57:Infinity":40,"s:59:12:59:Infinity":41,"s:62:8:62:Infinity":42,"f:62:26:62:34":7,"s:62:34:62:51":43,"b:63:8:65:Infinity:undefined:undefined:undefined:undefined":5,"s:63:8:65:Infinity":44,"s:64:12:64:Infinity":45,"s:67:8:67:Infinity":46,"s:69:8:69:Infinity":47,"s:74:2:79:Infinity":48,"f:74:12:74:18":8,"b:75:4:77:Infinity:undefined:undefined:undefined:undefined":6,"s:75:4:77:Infinity":49,"b:75:8:75:16:75:16:75:35":7,"s:76:8:76:Infinity":50,"s:81:8:84:Infinity":51,"f:81:29:81:35":9,"s:82:17:82:Infinity":52,"f:82:47:82:55":10,"s:82:55:82:68":53,"s:83:4:83:Infinity":54,"s:86:23:88:Infinity":55,"b:87:6:87:Infinity:88:6:88:Infinity":8,"f:88:18:88:26":11,"s:88:26:88:60":56,"s:90:2:148:Infinity":57,"b:93:7:93:Infinity:94:10:108:Infinity":9,"f:95:28:95:Infinity":12,"s:96:16:106:Infinity":58,"f:98:29:98:35":13,"s:98:35:98:Infinity":59,"b:101:26:101:Infinity:102:26:102:Infinity":10,"f:113:26:113:27":14,"s:114:12:114:Infinity":60,"b:119:7:119:19:119:19:119:Infinity:120:8:126:Infinity":11,"b:132:13:135:Infinity:136:12:145:Infinity":12,"b:137:12:143:Infinity:145:12:145:Infinity":13}}}
,"/app/src/components/NewsCard.jsx": {"path":"/app/src/components/NewsCard.jsx","statementMap":{"0":{"start":{"line":5,"column":17},"end":{"line":131,"column":null}},"1":{"start":{"line":6,"column":28},"end":{"line":6,"column":null}},"2":{"start":{"line":7,"column":28},"end":{"line":7,"column":null}},"3":{"start":{"line":8,"column":24},"end":{"line":8,"column":null}},"4":{"start":{"line":10,"column":26},"end":{"line":28,"column":null}},"5":{"start":{"line":11,"column":4},"end":{"line":14,"column":null}},"6":{"start":{"line":12,"column":6},"end":{"line":12,"column":null}},"7":{"start":{"line":13,"column":6},"end":{"line":13,"column":null}},"8":{"start":{"line":16,"column":4},"end":{"line":16,"column":null}},"9":{"start":{"line":17,"column":4},"end":{"line":17,"column":null}},"10":{"start":{"line":18,"column":4},"end":{"line":27,"column":null}},"11":{"start":{"line":19,"column":30},"end":{"line":19,"column":null}},"12":{"start":{"line":20,"column":21},"end":{"line":20,"column":null}},"13":{"start":{"line":21,"column":6},"end":{"line":21,"column":null}},"14":{"start":{"line":23,"column":6},"end":{"line":23,"column":null}},"15":{"start":{"line":24,"column":6},"end":{"line":24,"column":null}},"16":{"start":{"line":26,"column":6},"end":{"line":26,"column":null}},"17":{"start":{"line":30,"column":19},"end":{"line":36,"column":null}},"18":{"start":{"line":31,"column":4},"end":{"line":31,"column":null}},"19":{"start":{"line":31,"column":47},"end":{"line":31,"column":null}},"20":{"start":{"line":32,"column":4},"end":{"line":32,"column":null}},"21":{"start":{"line":32,"column":24},"end":{"line":32,"column":null}},"22":{"start":{"line":33,"column":21},"end":{"line":33,"column":null}},"23":{"start":{"line":34,"column":4},"end":{"line":34,"column":null}},"24":{"start":{"line":34,"column":18},"end":{"line":34,"column":null}},"25":{"start":{"line":35,"column":4},"end":{"line":35,"column":null}},"26":{"start":{"line":38,"column":19},"end":{"line":38,"column":null}},"27":{"start":{"line":40,"column":27},"end":{"line":40,"column":null}},"28":{"start":{"line":42,"column":21},"end":{"line":50,"column":null}},"29":{"start":{"line":43,"column":4},"end":{"line":49,"column":null}},"30":{"start":{"line":44,"column":19},"end":{"line":44,"column":null}},"31":{"start":{"line":45,"column":6},"end":{"line":45,"column":null}},"32":{"start":{"line":45,"column":23},"end":{"line":45,"column":null}},"33":{"start":{"line":46,"column":6},"end":{"line":46,"column":null}},"34":{"start":{"line":48,"column":6},"end":{"line":48,"column":null}},"35":{"start":{"line":52,"column":2},"end":{"line":129,"column":null}}},"fnMap":{"0":{"name":"(anonymous_0)","decl":{"start":{"line":5,"column":17},"end":{"line":5,"column":18}},"loc":{"start":{"line":5,"column":39},"end":{"line":131,"column":null}},"line":5},"1":{"name":"(anonymous_1)","decl":{"start":{"line":10,"column":26},"end":{"line":10,"column":38}},"loc":{"start":{"line":10,"column":38},"end":{"line":28,"column":null}},"line":10},"2":{"name":"(anonymous_2)","decl":{"start":{"line":30,"column":19},"end":{"line":30,"column":25}},"loc":{"start":{"line":30,"column":25},"end":{"line":36,"column":null}},"line":30},"3":{"name":"(anonymous_3)","decl":{"start":{"line":42,"column":21},"end":{"line":42,"column":22}},"loc":{"start":{"line":42,"column":37},"end":{"line":50,"column":null}},"line":42}},"branchMap":{"0":{"loc":{"start":{"line":11,"column":4},"end":{"line":14,"column":null}},"type":"if","locations":[{"start":{"line":11,"column":4},"end":{"line":14,"column":null}},{"start":{},"end":{}}],"line":11},"1":{"loc":{"start":{"line":19,"column":30},"end":{"line":19,"column":null}},"type":"binary-expr","locations":[{"start":{"line":19,"column":30},"end":{"line":19,"column":46}},{"start":{"line":19,"column":46},"end":{"line":19,"column":66}},{"start":{"line":19,"column":66},"end":{"line":19,"column":null}}],"line":19},"2":{"loc":{"start":{"line":31,"column":4},"end":{"line":31,"column":null}},"type":"if","locations":[{"start":{"line":31,"column":4},"end":{"line":31,"column":null}},{"start":{},"end":{}}],"line":31},"3":{"loc":{"start":{"line":31,"column":8},"end":{"line":31,"column":47}},"type":"binary-expr","locations":[{"start":{"line":31,"column":8},"end":{"line":31,"column":26}},{"start":{"line":31,"column":26},"end":{"line":31,"column":47}}],"line":31},"4":{"loc":{"start":{"line":32,"column":4},"end":{"line":32,"column":null}},"type":"if","locations":[{"start":{"line":32,"column":4},"end":{"line":32,"column":null}},{"start":{},"end":{}}],"line":32},"5":{"loc":{"start":{"line":34,"column":4},"end":{"line":34,"column":null}},"type":"if","locations":[{"start":{"line":34,"column":4},"end":{"line":34,"column":null}},{"start":{},"end":{}}],"line":34},"6":{"loc":{"start":{"line":45,"column":6},"end":{"line":45,"column":null}},"type":"if","locations":[{"start":{"line":45,"column":6},"end":{"line":45,"column":null}},{"start":{},"end":{}}],"line":45},"7":{"loc":{"start":{"line":54,"column":7},"end":{"line":66,"column":null}},"type":"binary-expr","locations":[{"start":{"line":54,"column":7},"end":{"line":54,"column":null}},{"start":{"line":55,"column":8},"end":{"line":66,"column":null}}],"line":54},"8":{"loc":{"start":{"line":61,"column":11},"end":{"line":64,"column":null}},"type":"binary-expr","locations":[{"start":{"line":61,"column":11},"end":{"line":61,"column":null}},{"start":{"line":62,"column":12},"end":{"line":64,"column":null}}],"line":61},"9":{"loc":{"start":{"line":87,"column":11},"end":{"line":96,"column":null}},"type":"cond-expr","locations":[{"start":{"line":88,"column":12},"end":{"line":94,"column":null}},{"start":{"line":96,"column":12},"end":{"line":96,"column":null}}],"line":87},"10":{"loc":{"start":{"line":104,"column":26},"end":{"line":104,"column":null}},"type":"binary-expr","locations":[{"start":{"line":104,"column":26},"end":{"line":104,"column":37}},{"start":{"line":104,"column":37},"end":{"line":104,"column":null}}],"line":104},"11":{"loc":{"start":{"line":106,"column":20},"end":{"line":108,"column":null}},"type":"cond-expr","locations":[{"start":{"line":107,"column":22},"end":{"line":107,"column":null}},{"start":{"line":108,"column":22},"end":{"line":108,"column":null}}],"line":106},"12":{"loc":{"start":{"line":111,"column":17},"end":{"line":111,"column":null}},"type":"cond-expr","locations":[{"start":{"line":111,"column":27},"end":{"line":111,"column":75}},{"start":{"line":111,"column":75},"end":{"line":111,"column":null}}],"line":111},"13":{"loc":{"start":{"line":112,"column":17},"end":{"line":112,"column":null}},"type":"cond-expr","locations":[{"start":{"line":112,"column":27},"end":{"line":112,"column":45}},{"start":{"line":112,"column":45},"end":{"line":112,"column":null}}],"line":112},"14":{"loc":{"start":{"line":112,"column":45},"end":{"line":112,"column":null}},"type":"cond-expr","locations":[{"start":{"line":112,"column":55},"end":{"line":112,"column":68}},{"start":{"line":112,"column":68},"end":{"line":112,"column":null}}],"line":112},"15":{"loc":{"start":{"line":125,"column":9},"end":{"line":126,"column":null}},"type":"binary-expr","locations":[{"start":{"line":125,"column":9},"end":{"line":125,"column":null}},{"start":{"line":126,"column":12},"end":{"line":126,"column":null}}],"line":125}},"s":{"0":1,"1":20,"2":20,"3":20,"4":20,"5":5,"6":1,"7":1,"8":4,"9":4,"10":4,"11":4,"12":5,"13":3,"14":1,"15":1,"16":4,"17":20,"18":20,"19":1,"20":19,"21":17,"22":2,"23":20,"24":1,"25":1,"26":20,"27":20,"28":20,"29":20,"30":20,"31":20,"32":1,"33":19,"34":1,"35":20},"f":{"0":20,"1":5,"2":20,"3":20},"b":{"0":[1,4],"1":[4,2,1],"2":[1,19],"3":[20,1],"4":[17,2],"5":[1,19],"6":[1,19],"7":[20,19],"8":[19,19],"9":[3,17],"10":[20,16],"11":[3,17],"12":[4,16],"13":[4,16],"14":[3,13],"15":[20,2]},"meta":{"lastBranch":16,"lastFunction":4,"lastStatement":36,"seen":{"s:5:17:131:Infinity":0,"f:5:17:5:18":0,"s:6:28:6:Infinity":1,"s:7:28:7:Infinity":2,"s:8:24:8:Infinity":3,"s:10:26:28:Infinity":4,"f:10:26:10:38":1,"b:11:4:14:Infinity:undefined:undefined:undefined:undefined":0,"s:11:4:14:Infinity":5,"s:12:6:12:Infinity":6,"s:13:6:13:Infinity":7,"s:16:4:16:Infinity":8,"s:17:4:17:Infinity":9,"s:18:4:27:Infinity":10,"s:19:30:19:Infinity":11,"b:19:30:19:46:19:46:19:66:19:66:19:Infinity":1,"s:20:21:20:Infinity":12,"s:21:6:21:Infinity":13,"s:23:6:23:Infinity":14,"s:24:6:24:Infinity":15,"s:26:6:26:Infinity":16,"s:30:19:36:Infinity":17,"f:30:19:30:25":2,"b:31:4:31:Infinity:undefined:undefined:undefined:undefined":2,"s:31:4:31:Infinity":18,"b:31:8:31:26:31:26:31:47":3,"s:31:47:31:Infinity":19,"b:32:4:32:Infinity:undefined:undefined:undefined:undefined":4,"s:32:4:32:Infinity":20,"s:32:24:32:Infinity":21,"s:33:21:33:Infinity":22,"b:34:4:34:Infinity:undefined:undefined:undefined:undefined":5,"s:34:4:34:Infinity":23,"s:34:18:34:Infinity":24,"s:35:4:35:Infinity":25,"s:38:19:38:Infinity":26,"s:40:27:40:Infinity":27,"s:42:21:50:Infinity":28,"f:42:21:42:22":3,"s:43:4:49:Infinity":29,"s:44:19:44:Infinity":30,"b:45:6:45:Infinity:undefined:undefined:undefined:undefined":6,"s:45:6:45:Infinity":31,"s:45:23:45:Infinity":32,"s:46:6:46:Infinity":33,"s:48:6:48:Infinity":34,"s:52:2:129:Infinity":35,"b:54:7:54:Infinity:55:8:66:Infinity":7,"b:61:11:61:Infinity:62:12:64:Infinity":8,"b:88:12:94:Infinity:96:12:96:Infinity":9,"b:104:26:104:37:104:37:104:Infinity":10,"b:107:22:107:Infinity:108:22:108:Infinity":11,"b:111:27:111:75:111:75:111:Infinity":12,"b:112:27:112:45:112:45:112:Infinity":13,"b:112:55:112:68:112:68:112:Infinity":14,"b:125:9:125:Infinity:126:12:126:Infinity":15}}}
,"/app/src/components/Settings.jsx": {"path":"/app/src/components/Settings.jsx","statementMap":{"0":{"start":{"line":4,"column":17},"end":{"line":59,"column":null}},"1":{"start":{"line":5,"column":26},"end":{"line":5,"column":null}},"2":{"start":{"line":5,"column":45},"end":{"line":5,"column":89}},"3":{"start":{"line":7,"column":21},"end":{"line":11,"column":null}},"4":{"start":{"line":8,"column":4},"end":{"line":8,"column":null}},"5":{"start":{"line":9,"column":4},"end":{"line":9,"column":null}},"6":{"start":{"line":10,"column":4},"end":{"line":10,"column":null}},"7":{"start":{"line":13,"column":2},"end":{"line":13,"column":null}},"8":{"start":{"line":13,"column":15},"end":{"line":13,"column":null}},"9":{"start":{"line":15,"column":2},"end":{"line":57,"column":null}},"10":{"start":{"line":33,"column":29},"end":{"line":33,"column":null}}},"fnMap":{"0":{"name":"(anonymous_0)","decl":{"start":{"line":4,"column":17},"end":{"line":4,"column":18}},"loc":{"start":{"line":4,"column":50},"end":{"line":59,"column":null}},"line":4},"1":{"name":"(anonymous_1)","decl":{"start":{"line":5,"column":39},"end":{"line":5,"column":45}},"loc":{"start":{"line":5,"column":45},"end":{"line":5,"column":89}},"line":5},"2":{"name":"(anonymous_2)","decl":{"start":{"line":7,"column":21},"end":{"line":7,"column":27}},"loc":{"start":{"line":7,"column":27},"end":{"line":11,"column":null}},"line":7},"3":{"name":"(anonymous_3)","decl":{"start":{"line":33,"column":22},"end":{"line":33,"column":23}},"loc":{"start":{"line":33,"column":29},"end":{"line":33,"column":null}},"line":33}},"branchMap":{"0":{"loc":{"start":{"line":5,"column":45},"end":{"line":5,"column":89}},"type":"binary-expr","locations":[{"start":{"line":5,"column":45},"end":{"line":5,"column":87}},{"start":{"line":5,"column":87},"end":{"line":5,"column":89}}],"line":5},"1":{"loc":{"start":{"line":13,"column":2},"end":{"line":13,"column":null}},"type":"if","locations":[{"start":{"line":13,"column":2},"end":{"line":13,"column":null}},{"start":{},"end":{}}],"line":13}},"s":{"0":1,"1":9,"2":7,"3":9,"4":1,"5":1,"6":1,"7":9,"8":1,"9":8,"10":2},"f":{"0":9,"1":7,"2":1,"3":2},"b":{"0":[7,6],"1":[1,8]},"meta":{"lastBranch":2,"lastFunction":4,"lastStatement":11,"seen":{"s:4:17:59:Infinity":0,"f:4:17:4:18":0,"s:5:26:5:Infinity":1,"f:5:39:5:45":1,"s:5:45:5:89":2,"b:5:45:5:87:5:87:5:89":0,"s:7:21:11:Infinity":3,"f:7:21:7:27":2,"s:8:4:8:Infinity":4,"s:9:4:9:Infinity":5,"s:10:4:10:Infinity":6,"b:13:2:13:Infinity:undefined:undefined:undefined:undefined":1,"s:13:2:13:Infinity":7,"s:13:15:13:Infinity":8,"s:15:2:57:Infinity":9,"f:33:22:33:23":3,"s:33:29:33:Infinity":10}}}
,"/app/src/services/geminiService.js": {"path":"/app/src/services/geminiService.js","statementMap":{"0":{"start":{"line":4,"column":29},"end":{"line":23,"column":1}},"1":{"start":{"line":5,"column":2},"end":{"line":7,"column":null}},"2":{"start":{"line":6,"column":4},"end":{"line":6,"column":null}},"3":{"start":{"line":9,"column":16},"end":{"line":9,"column":46}},"4":{"start":{"line":10,"column":16},"end":{"line":10,"column":71}},"5":{"start":{"line":12,"column":17},"end":{"line":12,"column":127}},"6":{"start":{"line":14,"column":2},"end":{"line":22,"column":null}},"7":{"start":{"line":15,"column":19},"end":{"line":15,"column":54}},"8":{"start":{"line":16,"column":21},"end":{"line":16,"column":42}},"9":{"start":{"line":17,"column":20},"end":{"line":17,"column":35}},"10":{"start":{"line":18,"column":4},"end":{"line":18,"column":null}},"11":{"start":{"line":20,"column":4},"end":{"line":20,"column":null}},"12":{"start":{"line":21,"column":4},"end":{"line":21,"column":null}}},"fnMap":{"0":{"name":"(anonymous_0)","decl":{"start":{"line":4,"column":29},"end":{"line":4,"column":34}},"loc":{"start":{"line":4,"column":53},"end":{"line":23,"column":1}},"line":4}},"branchMap":{"0":{"loc":{"start":{"line":5,"column":2},"end":{"line":7,"column":null}},"type":"if","locations":[{"start":{"line":5,"column":2},"end":{"line":7,"column":null}},{"start":{},"end":{}}],"line":5}},"s":{"0":1,"1":4,"2":2,"3":2,"4":2,"5":2,"6":2,"7":2,"8":1,"9":1,"10":1,"11":1,"12":1},"f":{"0":4},"b":{"0":[2,2]},"meta":{"lastBranch":1,"lastFunction":1,"lastStatement":13,"seen":{"s:4:29:23:1":0,"f:4:29:4:34":0,"b:5:2:7:Infinity:undefined:undefined:undefined:undefined":0,"s:5:2:7:Infinity":1,"s:6:4:6:Infinity":2,"s:9:16:9:46":3,"s:10:16:10:71":4,"s:12:17:12:127":5,"s:14:2:22:Infinity":6,"s:15:19:15:54":7,"s:16:21:16:42":8,"s:17:20:17:35":9,"s:18:4:18:Infinity":10,"s:20:4:20:Infinity":11,"s:21:4:21:Infinity":12}}}
,"/app/src/services/newsService.js": {"path":"/app/src/services/newsService.js","statementMap":{"0":{"start":{"line":2,"column":21},"end":{"line":2,"column":68}},"1":{"start":{"line":4,"column":28},"end":{"line":76,"column":1}},"2":{"start":{"line":78,"column":25},"end":{"line":119,"column":1}},"3":{"start":{"line":82,"column":21},"end":{"line":90,"column":5}},"4":{"start":{"line":83,"column":8},"end":{"line":89,"column":null}},"5":{"start":{"line":84,"column":25},"end":{"line":84,"column":35}},"6":{"start":{"line":85,"column":27},"end":{"line":85,"column":65}},"7":{"start":{"line":87,"column":16},"end":{"line":87,"column":null}},"8":{"start":{"line":88,"column":16},"end":{"line":88,"column":null}},"9":{"start":{"line":92,"column":20},"end":{"line":92,"column":47}},"10":{"start":{"line":94,"column":18},"end":{"line":94,"column":20}},"11":{"start":{"line":95,"column":4},"end":{"line":107,"column":null}},"12":{"start":{"line":96,"column":8},"end":{"line":106,"column":null}},"13":{"start":{"line":97,"column":32},"end":{"line":97,"column":49}},"14":{"start":{"line":98,"column":29},"end":{"line":98,"column":44}},"15":{"start":{"line":99,"column":26},"end":{"line":104,"column":15}},"16":{"start":{"line":99,"column":52},"end":{"line":104,"column":13}},"17":{"start":{"line":105,"column":12},"end":{"line":105,"column":null}},"18":{"start":{"line":110,"column":4},"end":{"line":116,"column":null}},"19":{"start":{"line":111,"column":22},"end":{"line":111,"column":41}},"20":{"start":{"line":112,"column":22},"end":{"line":112,"column":41}},"21":{"start":{"line":113,"column":8},"end":{"line":113,"column":null}},"22":{"start":{"line":113,"column":26},"end":{"line":113,"column":null}},"23":{"start":{"line":114,"column":8},"end":{"line":114,"column":null}},"24":{"start":{"line":114,"column":26},"end":{"line":114,"column":null}},"25":{"start":{"line":115,"column":8},"end":{"line":115,"column":null}},"26":{"start":{"line":118,"column":4},"end":{"line":118,"column":null}}},"fnMap":{"0":{"name":"(anonymous_0)","decl":{"start":{"line":78,"column":25},"end":{"line":78,"column":30}},"loc":{"start":{"line":78,"column":59},"end":{"line":119,"column":1}},"line":78},"1":{"name":"(anonymous_1)","decl":{"start":{"line":82,"column":33},"end":{"line":82,"column":39}},"loc":{"start":{"line":83,"column":8},"end":{"line":89,"column":null}},"line":83},"2":{"name":"(anonymous_2)","decl":{"start":{"line":84,"column":18},"end":{"line":84,"column":21}},"loc":{"start":{"line":84,"column":25},"end":{"line":84,"column":35}},"line":84},"3":{"name":"(anonymous_3)","decl":{"start":{"line":85,"column":18},"end":{"line":85,"column":22}},"loc":{"start":{"line":85,"column":27},"end":{"line":85,"column":65}},"line":85},"4":{"name":"(anonymous_4)","decl":{"start":{"line":86,"column":19},"end":{"line":86,"column":22}},"loc":{"start":{"line":86,"column":26},"end":{"line":89,"column":13}},"line":86},"5":{"name":"(anonymous_5)","decl":{"start":{"line":95,"column":20},"end":{"line":95,"column":26}},"loc":{"start":{"line":95,"column":30},"end":{"line":107,"column":5}},"line":95},"6":{"name":"(anonymous_6)","decl":{"start":{"line":99,"column":43},"end":{"line":99,"column":47}},"loc":{"start":{"line":99,"column":52},"end":{"line":104,"column":13}},"line":99},"7":{"name":"(anonymous_7)","decl":{"start":{"line":110,"column":17},"end":{"line":110,"column":18}},"loc":{"start":{"line":110,"column":27},"end":{"line":116,"column":5}},"line":110}},"branchMap":{"0":{"loc":{"start":{"line":78,"column":32},"end":{"line":78,"column":54}},"type":"default-arg","locations":[{"start":{"line":78,"column":42},"end":{"line":78,"column":54}}],"line":78},"1":{"loc":{"start":{"line":96,"column":8},"end":{"line":106,"column":null}},"type":"if","locations":[{"start":{"line":96,"column":8},"end":{"line":106,"column":null}},{"start":{},"end":{}}],"line":96},"2":{"loc":{"start":{"line":96,"column":12},"end":{"line":96,"column":44}},"type":"binary-expr","locations":[{"start":{"line":96,"column":12},"end":{"line":96,"column":18}},{"start":{"line":96,"column":22},"end":{"line":96,"column":44}}],"line":96},"3":{"loc":{"start":{"line":103,"column":20},"end":{"line":103,"column":null}},"type":"binary-expr","locations":[{"start":{"line":103,"column":20},"end":{"line":103,"column":29}},{"start":{"line":103,"column":33},"end":{"line":103,"column":null}}],"line":103},"4":{"loc":{"start":{"line":113,"column":8},"end":{"line":113,"column":null}},"type":"if","locations":[{"start":{"line":113,"column":8},"end":{"line":113,"column":null}},{"start":{},"end":{}}],"line":113},"5":{"loc":{"start":{"line":114,"column":8},"end":{"line":114,"column":null}},"type":"if","locations":[{"start":{"line":114,"column":8},"end":{"line":114,"column":null}},{"start":{},"end":{}}],"line":114}},"s":{"0":1,"1":1,"2":1,"3":8,"4":64,"5":63,"6":63,"7":1,"8":1,"9":8,"10":8,"11":8,"12":64,"13":62,"14":62,"15":62,"16":9,"17":62,"18":8,"19":4,"20":4,"21":4,"22":1,"23":3,"24":1,"25":2,"26":8},"f":{"0":8,"1":64,"2":63,"3":63,"4":1,"5":64,"6":9,"7":4},"b":{"0":[8],"1":[62,2],"2":[64,63],"3":[9,1],"4":[1,3],"5":[1,2]},"meta":{"lastBranch":6,"lastFunction":8,"lastStatement":27,"seen":{"s:2:21:2:68":0,"s:4:28:76:1":1,"s:78:25:119:1":2,"f:78:25:78:30":0,"b:78:42:78:54":0,"s:82:21:90:5":3,"f:82:33:82:39":1,"s:83:8:89:Infinity":4,"f:84:18:84:21":2,"s:84:25:84:35":5,"f:85:18:85:22":3,"s:85:27:85:65":6,"f:86:19:86:22":4,"s:87:16:87:Infinity":7,"s:88:16:88:Infinity":8,"s:92:20:92:47":9,"s:94:18:94:20":10,"s:95:4:107:Infinity":11,"f:95:20:95:26":5,"b:96:8:106:Infinity:undefined:undefined:undefined:undefined":1,"s:96:8:106:Infinity":12,"b:96:12:96:18:96:22:96:44":2,"s:97:32:97:49":13,"s:98:29:98:44":14,"s:99:26:104:15":15,"f:99:43:99:47":6,"s:99:52:104:13":16,"b:103:20:103:29:103:33:103:Infinity":3,"s:105:12:105:Infinity":17,"s:110:4:116:Infinity":18,"f:110:17:110:18":7,"s:111:22:111:41":19,"s:112:22:112:41":20,"b:113:8:113:Infinity:undefined:undefined:undefined:undefined":4,"s:113:8:113:Infinity":21,"s:113:26:113:Infinity":22,"b:114:8:114:Infinity:undefined:undefined:undefined:undefined":5,"s:114:8:114:Infinity":23,"s:114:26:114:Infinity":24,"s:115:8:115:Infinity":25,"s:118:4:118:Infinity":26}}}
}
