{"D:\\Solutions\\pessoal\\fast-news\\src\\services\\fullArticle.js": {"path":"D:\\Solutions\\pessoal\\fast-news\\src\\services\\fullArticle.js","statementMap":{"0":{"start":{"line":1,"column":22},"end":{"line":20,"column":null}},"1":{"start":{"line":22,"column":23},"end":{"line":28,"column":null}},"2":{"start":{"line":30,"column":6},"end":{"line":36,"column":null}},"3":{"start":{"line":31,"column":1},"end":{"line":36,"column":null}},"4":{"start":{"line":38,"column":6},"end":{"line":47,"column":null}},"5":{"start":{"line":39,"column":1},"end":{"line":47,"column":null}},"6":{"start":{"line":49,"column":6},"end":{"line":52,"column":null}},"7":{"start":{"line":50,"column":1},"end":{"line":52,"column":null}},"8":{"start":{"line":52,"column":20},"end":{"line":52,"column":35}},"9":{"start":{"line":54,"column":6},"end":{"line":60,"column":null}},"10":{"start":{"line":55,"column":15},"end":{"line":55,"column":null}},"11":{"start":{"line":56,"column":1},"end":{"line":56,"column":null}},"12":{"start":{"line":56,"column":23},"end":{"line":56,"column":null}},"13":{"start":{"line":57,"column":20},"end":{"line":57,"column":null}},"14":{"start":{"line":58,"column":14},"end":{"line":58,"column":null}},"15":{"start":{"line":58,"column":37},"end":{"line":58,"column":62}},"16":{"start":{"line":59,"column":1},"end":{"line":59,"column":null}},"17":{"start":{"line":62,"column":6},"end":{"line":69,"column":null}},"18":{"start":{"line":63,"column":1},"end":{"line":69,"column":null}},"19":{"start":{"line":71,"column":6},"end":{"line":77,"column":null}},"20":{"start":{"line":72,"column":20},"end":{"line":72,"column":null}},"21":{"start":{"line":73,"column":1},"end":{"line":73,"column":null}},"22":{"start":{"line":73,"column":18},"end":{"line":73,"column":null}},"23":{"start":{"line":74,"column":1},"end":{"line":74,"column":null}},"24":{"start":{"line":74,"column":33},"end":{"line":74,"column":null}},"25":{"start":{"line":75,"column":1},"end":{"line":75,"column":null}},"26":{"start":{"line":75,"column":47},"end":{"line":75,"column":null}},"27":{"start":{"line":76,"column":1},"end":{"line":76,"column":null}},"28":{"start":{"line":76,"column":41},"end":{"line":76,"column":59}},"29":{"start":{"line":79,"column":6},"end":{"line":84,"column":null}},"30":{"start":{"line":80,"column":20},"end":{"line":80,"column":null}},"31":{"start":{"line":81,"column":1},"end":{"line":83,"column":null}},"32":{"start":{"line":82,"column":15},"end":{"line":82,"column":null}},"33":{"start":{"line":87,"column":15},"end":{"line":87,"column":null}},"34":{"start":{"line":88,"column":20},"end":{"line":90,"column":null}},"35":{"start":{"line":89,"column":2},"end":{"line":89,"column":null}},"36":{"start":{"line":91,"column":15},"end":{"line":91,"column":null}},"37":{"start":{"line":92,"column":16},"end":{"line":92,"column":null}},"38":{"start":{"line":94,"column":1},"end":{"line":100,"column":null}},"39":{"start":{"line":95,"column":2},"end":{"line":95,"column":null}},"40":{"start":{"line":95,"column":63},"end":{"line":95,"column":null}},"41":{"start":{"line":96,"column":2},"end":{"line":96,"column":null}},"42":{"start":{"line":96,"column":44},"end":{"line":96,"column":null}},"43":{"start":{"line":97,"column":2},"end":{"line":97,"column":null}},"44":{"start":{"line":97,"column":42},"end":{"line":97,"column":null}},"45":{"start":{"line":98,"column":2},"end":{"line":98,"column":null}},"46":{"start":{"line":99,"column":2},"end":{"line":99,"column":null}},"47":{"start":{"line":99,"column":42},"end":{"line":99,"column":null}},"48":{"start":{"line":102,"column":1},"end":{"line":105,"column":null}},"49":{"start":{"line":108,"column":6},"end":{"line":114,"column":null}},"50":{"start":{"line":109,"column":15},"end":{"line":109,"column":null}},"51":{"start":{"line":110,"column":1},"end":{"line":110,"column":null}},"52":{"start":{"line":110,"column":20},"end":{"line":110,"column":null}},"53":{"start":{"line":111,"column":20},"end":{"line":111,"column":null}},"54":{"start":{"line":112,"column":14},"end":{"line":112,"column":null}},"55":{"start":{"line":112,"column":37},"end":{"line":112,"column":62}},"56":{"start":{"line":113,"column":1},"end":{"line":113,"column":null}},"57":{"start":{"line":117,"column":18},"end":{"line":117,"column":null}},"58":{"start":{"line":118,"column":1},"end":{"line":118,"column":null}},"59":{"start":{"line":118,"column":20},"end":{"line":118,"column":null}},"60":{"start":{"line":120,"column":18},"end":{"line":122,"column":null}},"61":{"start":{"line":123,"column":1},"end":{"line":123,"column":null}},"62":{"start":{"line":123,"column":19},"end":{"line":123,"column":null}},"63":{"start":{"line":125,"column":14},"end":{"line":125,"column":null}},"64":{"start":{"line":126,"column":22},"end":{"line":126,"column":null}},"65":{"start":{"line":127,"column":1},"end":{"line":127,"column":null}}},"fnMap":{"0":{"name":"(anonymous_0)","decl":{"start":{"line":30,"column":6},"end":{"line":30,"column":27}},"loc":{"start":{"line":31,"column":1},"end":{"line":36,"column":null}},"line":31},"1":{"name":"(anonymous_1)","decl":{"start":{"line":38,"column":6},"end":{"line":38,"column":15}},"loc":{"start":{"line":39,"column":1},"end":{"line":47,"column":null}},"line":39},"2":{"name":"(anonymous_2)","decl":{"start":{"line":49,"column":6},"end":{"line":49,"column":20}},"loc":{"start":{"line":50,"column":1},"end":{"line":52,"column":null}},"line":50},"3":{"name":"(anonymous_3)","decl":{"start":{"line":52,"column":3},"end":{"line":52,"column":11}},"loc":{"start":{"line":52,"column":20},"end":{"line":52,"column":35}},"line":52},"4":{"name":"(anonymous_4)","decl":{"start":{"line":54,"column":6},"end":{"line":54,"column":24}},"loc":{"start":{"line":54,"column":47},"end":{"line":60,"column":null}},"line":54},"5":{"name":"(anonymous_5)","decl":{"start":{"line":58,"column":20},"end":{"line":58,"column":28}},"loc":{"start":{"line":58,"column":37},"end":{"line":58,"column":62}},"line":58},"6":{"name":"(anonymous_6)","decl":{"start":{"line":62,"column":6},"end":{"line":62,"column":19}},"loc":{"start":{"line":63,"column":1},"end":{"line":69,"column":null}},"line":63},"7":{"name":"(anonymous_7)","decl":{"start":{"line":71,"column":6},"end":{"line":71,"column":17}},"loc":{"start":{"line":71,"column":26},"end":{"line":77,"column":null}},"line":71},"8":{"name":"(anonymous_8)","decl":{"start":{"line":76,"column":23},"end":{"line":76,"column":29}},"loc":{"start":{"line":76,"column":41},"end":{"line":76,"column":59}},"line":76},"9":{"name":"(anonymous_9)","decl":{"start":{"line":79,"column":6},"end":{"line":79,"column":23}},"loc":{"start":{"line":79,"column":32},"end":{"line":84,"column":null}},"line":79},"10":{"name":"(anonymous_10)","decl":{"start":{"line":81,"column":22},"end":{"line":81,"column":null}},"loc":{"start":{"line":82,"column":15},"end":{"line":82,"column":null}},"line":82},"11":{"name":"extractArticleText","decl":{"start":{"line":86,"column":16},"end":{"line":86,"column":35}},"loc":{"start":{"line":86,"column":54},"end":{"line":106,"column":null}},"line":86},"12":{"name":"(anonymous_12)","decl":{"start":{"line":88,"column":26},"end":{"line":88,"column":37}},"loc":{"start":{"line":89,"column":2},"end":{"line":89,"column":null}},"line":89},"13":{"name":"(anonymous_13)","decl":{"start":{"line":108,"column":6},"end":{"line":108,"column":31}},"loc":{"start":{"line":108,"column":49},"end":{"line":114,"column":null}},"line":108},"14":{"name":"(anonymous_14)","decl":{"start":{"line":112,"column":20},"end":{"line":112,"column":28}},"loc":{"start":{"line":112,"column":37},"end":{"line":112,"column":62}},"line":112},"15":{"name":"fetchFullArticle","decl":{"start":{"line":116,"column":22},"end":{"line":116,"column":39}},"loc":{"start":{"line":116,"column":48},"end":{"line":128,"column":null}},"line":116}},"branchMap":{"0":{"loc":{"start":{"line":38,"column":15},"end":{"line":38,"column":null}},"type":"default-arg","locations":[{"start":{"line":38,"column":23},"end":{"line":38,"column":null}}],"line":38},"1":{"loc":{"start":{"line":56,"column":1},"end":{"line":56,"column":null}},"type":"if","locations":[{"start":{"line":56,"column":1},"end":{"line":56,"column":null}},{"start":{},"end":{}}],"line":56},"2":{"loc":{"start":{"line":73,"column":1},"end":{"line":73,"column":null}},"type":"if","locations":[{"start":{"line":73,"column":1},"end":{"line":73,"column":null}},{"start":{},"end":{}}],"line":73},"3":{"loc":{"start":{"line":74,"column":1},"end":{"line":74,"column":null}},"type":"if","locations":[{"start":{"line":74,"column":1},"end":{"line":74,"column":null}},{"start":{},"end":{}}],"line":74},"4":{"loc":{"start":{"line":75,"column":1},"end":{"line":75,"column":null}},"type":"if","locations":[{"start":{"line":75,"column":1},"end":{"line":75,"column":null}},{"start":{},"end":{}}],"line":75},"5":{"loc":{"start":{"line":75,"column":5},"end":{"line":75,"column":47}},"type":"binary-expr","locations":[{"start":{"line":75,"column":5},"end":{"line":75,"column":25}},{"start":{"line":75,"column":25},"end":{"line":75,"column":47}}],"line":75},"6":{"loc":{"start":{"line":82,"column":15},"end":{"line":82,"column":null}},"type":"binary-expr","locations":[{"start":{"line":82,"column":15},"end":{"line":82,"column":41}},{"start":{"line":82,"column":41},"end":{"line":82,"column":null}}],"line":82},"7":{"loc":{"start":{"line":91,"column":15},"end":{"line":91,"column":null}},"type":"cond-expr","locations":[{"start":{"line":91,"column":33},"end":{"line":91,"column":50}},{"start":{"line":91,"column":50},"end":{"line":91,"column":null}}],"line":91},"8":{"loc":{"start":{"line":95,"column":2},"end":{"line":95,"column":null}},"type":"if","locations":[{"start":{"line":95,"column":2},"end":{"line":95,"column":null}},{"start":{},"end":{}}],"line":95},"9":{"loc":{"start":{"line":95,"column":6},"end":{"line":95,"column":63}},"type":"binary-expr","locations":[{"start":{"line":95,"column":6},"end":{"line":95,"column":42}},{"start":{"line":95,"column":42},"end":{"line":95,"column":63}}],"line":95},"10":{"loc":{"start":{"line":96,"column":2},"end":{"line":96,"column":null}},"type":"if","locations":[{"start":{"line":96,"column":2},"end":{"line":96,"column":null}},{"start":{},"end":{}}],"line":96},"11":{"loc":{"start":{"line":96,"column":6},"end":{"line":96,"column":44}},"type":"binary-expr","locations":[{"start":{"line":96,"column":6},"end":{"line":96,"column":23}},{"start":{"line":96,"column":23},"end":{"line":96,"column":44}}],"line":96},"12":{"loc":{"start":{"line":97,"column":2},"end":{"line":97,"column":null}},"type":"if","locations":[{"start":{"line":97,"column":2},"end":{"line":97,"column":null}},{"start":{},"end":{}}],"line":97},"13":{"loc":{"start":{"line":99,"column":2},"end":{"line":99,"column":null}},"type":"if","locations":[{"start":{"line":99,"column":2},"end":{"line":99,"column":null}},{"start":{},"end":{}}],"line":99},"14":{"loc":{"start":{"line":110,"column":1},"end":{"line":110,"column":null}},"type":"if","locations":[{"start":{"line":110,"column":1},"end":{"line":110,"column":null}},{"start":{},"end":{}}],"line":110},"15":{"loc":{"start":{"line":117,"column":18},"end":{"line":117,"column":null}},"type":"binary-expr","locations":[{"start":{"line":117,"column":18},"end":{"line":117,"column":35}},{"start":{"line":117,"column":35},"end":{"line":117,"column":55}},{"start":{"line":117,"column":55},"end":{"line":117,"column":null}}],"line":117},"16":{"loc":{"start":{"line":118,"column":1},"end":{"line":118,"column":null}},"type":"if","locations":[{"start":{"line":118,"column":1},"end":{"line":118,"column":null}},{"start":{},"end":{}}],"line":118},"17":{"loc":{"start":{"line":123,"column":1},"end":{"line":123,"column":null}},"type":"if","locations":[{"start":{"line":123,"column":1},"end":{"line":123,"column":null}},{"start":{},"end":{}}],"line":123},"18":{"loc":{"start":{"line":127,"column":8},"end":{"line":127,"column":null}},"type":"cond-expr","locations":[{"start":{"line":127,"column":63},"end":{"line":127,"column":70}},{"start":{"line":127,"column":70},"end":{"line":127,"column":null}}],"line":127},"19":{"loc":{"start":{"line":127,"column":8},"end":{"line":127,"column":63}},"type":"binary-expr","locations":[{"start":{"line":127,"column":8},"end":{"line":127,"column":24}},{"start":{"line":127,"column":24},"end":{"line":127,"column":63}}],"line":127}},"s":{"0":1,"1":1,"2":1,"3":2,"4":1,"5":29,"6":1,"7":8,"8":64,"9":1,"10":8,"11":8,"12":0,"13":8,"14":8,"15":40,"16":8,"17":1,"18":14,"19":1,"20":11,"21":11,"22":0,"23":11,"24":0,"25":11,"26":9,"27":2,"28":10,"29":1,"30":2,"31":2,"32":36,"33":2,"34":2,"35":8,"36":2,"37":2,"38":2,"39":11,"40":0,"41":11,"42":9,"43":2,"44":0,"45":2,"46":2,"47":0,"48":2,"49":1,"50":0,"51":0,"52":0,"53":0,"54":0,"55":0,"56":0,"57":1,"58":1,"59":0,"60":1,"61":1,"62":0,"63":1,"64":1,"65":1},"f":{"0":2,"1":29,"2":8,"3":64,"4":8,"5":40,"6":14,"7":11,"8":10,"9":2,"10":36,"11":2,"12":8,"13":0,"14":0,"15":1},"b":{"0":[29],"1":[0,8],"2":[0,11],"3":[0,11],"4":[9,2],"5":[11,9],"6":[36,36],"7":[1,1],"8":[0,11],"9":[11,0],"10":[9,2],"11":[11,2],"12":[0,2],"13":[0,2],"14":[0,0],"15":[1,1,0],"16":[0,1],"17":[0,1],"18":[0,1],"19":[1,0]},"meta":{"lastBranch":20,"lastFunction":16,"lastStatement":66,"seen":{"s:1:22:20:Infinity":0,"s:22:23:28:Infinity":1,"s:30:6:36:Infinity":2,"f:30:6:30:27":0,"s:31:1:36:Infinity":3,"s:38:6:47:Infinity":4,"f:38:6:38:15":1,"s:39:1:47:Infinity":5,"b:38:23:38:Infinity":0,"s:49:6:52:Infinity":6,"f:49:6:49:20":2,"s:50:1:52:Infinity":7,"f:52:3:52:11":3,"s:52:20:52:35":8,"s:54:6:60:Infinity":9,"f:54:6:54:24":4,"s:55:15:55:Infinity":10,"b:56:1:56:Infinity:undefined:undefined:undefined:undefined":1,"s:56:1:56:Infinity":11,"s:56:23:56:Infinity":12,"s:57:20:57:Infinity":13,"s:58:14:58:Infinity":14,"f:58:20:58:28":5,"s:58:37:58:62":15,"s:59:1:59:Infinity":16,"s:62:6:69:Infinity":17,"f:62:6:62:19":6,"s:63:1:69:Infinity":18,"s:71:6:77:Infinity":19,"f:71:6:71:17":7,"s:72:20:72:Infinity":20,"b:73:1:73:Infinity:undefined:undefined:undefined:undefined":2,"s:73:1:73:Infinity":21,"s:73:18:73:Infinity":22,"b:74:1:74:Infinity:undefined:undefined:undefined:undefined":3,"s:74:1:74:Infinity":23,"s:74:33:74:Infinity":24,"b:75:1:75:Infinity:undefined:undefined:undefined:undefined":4,"s:75:1:75:Infinity":25,"b:75:5:75:25:75:25:75:47":5,"s:75:47:75:Infinity":26,"s:76:1:76:Infinity":27,"f:76:23:76:29":8,"s:76:41:76:59":28,"s:79:6:84:Infinity":29,"f:79:6:79:23":9,"s:80:20:80:Infinity":30,"s:81:1:83:Infinity":31,"f:81:22:81:Infinity":10,"s:82:15:82:Infinity":32,"b:82:15:82:41:82:41:82:Infinity":6,"f:86:16:86:35":11,"s:87:15:87:Infinity":33,"s:88:20:90:Infinity":34,"f:88:26:88:37":12,"s:89:2:89:Infinity":35,"s:91:15:91:Infinity":36,"b:91:33:91:50:91:50:91:Infinity":7,"s:92:16:92:Infinity":37,"s:94:1:100:Infinity":38,"b:95:2:95:Infinity:undefined:undefined:undefined:undefined":8,"s:95:2:95:Infinity":39,"b:95:6:95:42:95:42:95:63":9,"s:95:63:95:Infinity":40,"b:96:2:96:Infinity:undefined:undefined:undefined:undefined":10,"s:96:2:96:Infinity":41,"b:96:6:96:23:96:23:96:44":11,"s:96:44:96:Infinity":42,"b:97:2:97:Infinity:undefined:undefined:undefined:undefined":12,"s:97:2:97:Infinity":43,"s:97:42:97:Infinity":44,"s:98:2:98:Infinity":45,"b:99:2:99:Infinity:undefined:undefined:undefined:undefined":13,"s:99:2:99:Infinity":46,"s:99:42:99:Infinity":47,"s:102:1:105:Infinity":48,"s:108:6:114:Infinity":49,"f:108:6:108:31":13,"s:109:15:109:Infinity":50,"b:110:1:110:Infinity:undefined:undefined:undefined:undefined":14,"s:110:1:110:Infinity":51,"s:110:20:110:Infinity":52,"s:111:20:111:Infinity":53,"s:112:14:112:Infinity":54,"f:112:20:112:28":14,"s:112:37:112:62":55,"s:113:1:113:Infinity":56,"f:116:22:116:39":15,"s:117:18:117:Infinity":57,"b:117:18:117:35:117:35:117:55:117:55:117:Infinity":15,"b:118:1:118:Infinity:undefined:undefined:undefined:undefined":16,"s:118:1:118:Infinity":58,"s:118:20:118:Infinity":59,"s:120:18:122:Infinity":60,"b:123:1:123:Infinity:undefined:undefined:undefined:undefined":17,"s:123:1:123:Infinity":61,"s:123:19:123:Infinity":62,"s:125:14:125:Infinity":63,"s:126:22:126:Infinity":64,"s:127:1:127:Infinity":65,"b:127:63:127:70:127:70:127:Infinity":18,"b:127:8:127:24:127:24:127:63":19},"fnNames":{}}}
,"D:\\Solutions\\pessoal\\fast-news\\src\\services\\newsService.js": {"path":"D:\\Solutions\\pessoal\\fast-news\\src\\services\\newsService.js","statementMap":{"0":{"start":{"line":1,"column":21},"end":{"line":1,"column":null}},"1":{"start":{"line":3,"column":28},"end":{"line":488,"column":null}},"2":{"start":{"line":490,"column":29},"end":{"line":522,"column":null}},"3":{"start":{"line":494,"column":21},"end":{"line":494,"column":null}},"4":{"start":{"line":495,"column":15},"end":{"line":495,"column":null}},"5":{"start":{"line":497,"column":15},"end":{"line":497,"column":null}},"6":{"start":{"line":498,"column":1},"end":{"line":520,"column":null}},"7":{"start":{"line":498,"column":14},"end":{"line":498,"column":17}},"8":{"start":{"line":499,"column":16},"end":{"line":499,"column":null}},"9":{"start":{"line":500,"column":19},"end":{"line":511,"column":null}},"10":{"start":{"line":501,"column":13},"end":{"line":501,"column":null}},"11":{"start":{"line":502,"column":3},"end":{"line":502,"column":null}},"12":{"start":{"line":502,"column":15},"end":{"line":502,"column":null}},"13":{"start":{"line":504,"column":3},"end":{"line":510,"column":null}},"14":{"start":{"line":505,"column":19},"end":{"line":505,"column":29}},"15":{"start":{"line":506,"column":21},"end":{"line":506,"column":60}},"16":{"start":{"line":508,"column":5},"end":{"line":508,"column":null}},"17":{"start":{"line":509,"column":5},"end":{"line":509,"column":null}},"18":{"start":{"line":513,"column":23},"end":{"line":513,"column":null}},"19":{"start":{"line":514,"column":2},"end":{"line":514,"column":null}},"20":{"start":{"line":517,"column":2},"end":{"line":519,"column":null}},"21":{"start":{"line":518,"column":3},"end":{"line":518,"column":null}},"22":{"start":{"line":518,"column":34},"end":{"line":518,"column":60}},"23":{"start":{"line":521,"column":1},"end":{"line":521,"column":null}},"24":{"start":{"line":524,"column":25},"end":{"line":552,"column":null}},"25":{"start":{"line":525,"column":17},"end":{"line":525,"column":null}},"26":{"start":{"line":527,"column":15},"end":{"line":527,"column":null}},"27":{"start":{"line":528,"column":1},"end":{"line":540,"column":null}},"28":{"start":{"line":529,"column":2},"end":{"line":539,"column":null}},"29":{"start":{"line":530,"column":23},"end":{"line":530,"column":null}},"30":{"start":{"line":531,"column":20},"end":{"line":531,"column":null}},"31":{"start":{"line":532,"column":17},"end":{"line":537,"column":null}},"32":{"start":{"line":532,"column":45},"end":{"line":537,"column":5}},"33":{"start":{"line":538,"column":3},"end":{"line":538,"column":null}},"34":{"start":{"line":543,"column":1},"end":{"line":549,"column":null}},"35":{"start":{"line":544,"column":16},"end":{"line":544,"column":null}},"36":{"start":{"line":545,"column":16},"end":{"line":545,"column":null}},"37":{"start":{"line":546,"column":2},"end":{"line":546,"column":null}},"38":{"start":{"line":546,"column":20},"end":{"line":546,"column":null}},"39":{"start":{"line":547,"column":2},"end":{"line":547,"column":null}},"40":{"start":{"line":547,"column":20},"end":{"line":547,"column":null}},"41":{"start":{"line":548,"column":2},"end":{"line":548,"column":null}},"42":{"start":{"line":551,"column":1},"end":{"line":551,"column":null}},"43":{"start":{"line":554,"column":35},"end":{"line":579,"column":null}},"44":{"start":{"line":557,"column":2},"end":{"line":557,"column":null}},"45":{"start":{"line":558,"column":1},"end":{"line":578,"column":null}},"46":{"start":{"line":559,"column":12},"end":{"line":559,"column":null}},"47":{"start":{"line":560,"column":2},"end":{"line":560,"column":null}},"48":{"start":{"line":560,"column":14},"end":{"line":560,"column":null}},"49":{"start":{"line":562,"column":14},"end":{"line":562,"column":null}},"50":{"start":{"line":563,"column":15},"end":{"line":563,"column":null}},"51":{"start":{"line":564,"column":2},"end":{"line":573,"column":null}},"52":{"start":{"line":565,"column":3},"end":{"line":572,"column":null}},"53":{"start":{"line":566,"column":20},"end":{"line":571,"column":6}},"54":{"start":{"line":574,"column":2},"end":{"line":574,"column":null}},"55":{"start":{"line":576,"column":2},"end":{"line":576,"column":null}},"56":{"start":{"line":577,"column":2},"end":{"line":577,"column":null}}},"fnMap":{"0":{"name":"(anonymous_0)","decl":{"start":{"line":490,"column":29},"end":{"line":490,"column":36}},"loc":{"start":{"line":490,"column":56},"end":{"line":522,"column":null}},"line":490},"1":{"name":"(anonymous_1)","decl":{"start":{"line":500,"column":25},"end":{"line":500,"column":30}},"loc":{"start":{"line":500,"column":41},"end":{"line":511,"column":3}},"line":500},"2":{"name":"(anonymous_2)","decl":{"start":{"line":505,"column":5},"end":{"line":505,"column":11}},"loc":{"start":{"line":505,"column":19},"end":{"line":505,"column":29}},"line":505},"3":{"name":"(anonymous_3)","decl":{"start":{"line":506,"column":5},"end":{"line":506,"column":11}},"loc":{"start":{"line":506,"column":21},"end":{"line":506,"column":60}},"line":506},"4":{"name":"(anonymous_4)","decl":{"start":{"line":507,"column":5},"end":{"line":507,"column":12}},"loc":{"start":{"line":507,"column":20},"end":{"line":510,"column":5}},"line":507},"5":{"name":"(anonymous_5)","decl":{"start":{"line":518,"column":13},"end":{"line":518,"column":22}},"loc":{"start":{"line":518,"column":34},"end":{"line":518,"column":60}},"line":518},"6":{"name":"(anonymous_6)","decl":{"start":{"line":524,"column":25},"end":{"line":524,"column":32}},"loc":{"start":{"line":524,"column":74},"end":{"line":552,"column":null}},"line":524},"7":{"name":"(anonymous_7)","decl":{"start":{"line":528,"column":9},"end":{"line":528,"column":18}},"loc":{"start":{"line":528,"column":29},"end":{"line":540,"column":2}},"line":528},"8":{"name":"(anonymous_8)","decl":{"start":{"line":532,"column":30},"end":{"line":532,"column":35}},"loc":{"start":{"line":532,"column":45},"end":{"line":537,"column":5}},"line":532},"9":{"name":"(anonymous_9)","decl":{"start":{"line":543,"column":9},"end":{"line":543,"column":15}},"loc":{"start":{"line":543,"column":24},"end":{"line":549,"column":2}},"line":543},"10":{"name":"(anonymous_10)","decl":{"start":{"line":554,"column":35},"end":{"line":554,"column":42}},"loc":{"start":{"line":554,"column":60},"end":{"line":579,"column":null}},"line":554},"11":{"name":"(anonymous_11)","decl":{"start":{"line":566,"column":5},"end":{"line":566,"column":10}},"loc":{"start":{"line":566,"column":20},"end":{"line":571,"column":6}},"line":566}},"branchMap":{"0":{"loc":{"start":{"line":494,"column":21},"end":{"line":494,"column":null}},"type":"cond-expr","locations":[{"start":{"line":494,"column":30},"end":{"line":494,"column":34}},{"start":{"line":494,"column":34},"end":{"line":494,"column":null}}],"line":494},"1":{"loc":{"start":{"line":502,"column":3},"end":{"line":502,"column":null}},"type":"if","locations":[{"start":{"line":502,"column":3},"end":{"line":502,"column":null}},{"start":{},"end":{}}],"line":502},"2":{"loc":{"start":{"line":517,"column":2},"end":{"line":519,"column":null}},"type":"if","locations":[{"start":{"line":517,"column":2},"end":{"line":519,"column":null}},{"start":{},"end":{}}],"line":517},"3":{"loc":{"start":{"line":524,"column":32},"end":{"line":524,"column":56}},"type":"default-arg","locations":[{"start":{"line":524,"column":42},"end":{"line":524,"column":56}}],"line":524},"4":{"loc":{"start":{"line":524,"column":56},"end":{"line":524,"column":74}},"type":"default-arg","locations":[{"start":{"line":524,"column":65},"end":{"line":524,"column":74}}],"line":524},"5":{"loc":{"start":{"line":529,"column":2},"end":{"line":539,"column":null}},"type":"if","locations":[{"start":{"line":529,"column":2},"end":{"line":539,"column":null}},{"start":{},"end":{}}],"line":529},"6":{"loc":{"start":{"line":529,"column":6},"end":{"line":529,"column":40}},"type":"binary-expr","locations":[{"start":{"line":529,"column":6},"end":{"line":529,"column":16}},{"start":{"line":529,"column":16},"end":{"line":529,"column":40}}],"line":529},"7":{"loc":{"start":{"line":536,"column":8},"end":{"line":536,"column":null}},"type":"binary-expr","locations":[{"start":{"line":536,"column":8},"end":{"line":536,"column":21}},{"start":{"line":536,"column":21},"end":{"line":536,"column":null}}],"line":536},"8":{"loc":{"start":{"line":546,"column":2},"end":{"line":546,"column":null}},"type":"if","locations":[{"start":{"line":546,"column":2},"end":{"line":546,"column":null}},{"start":{},"end":{}}],"line":546},"9":{"loc":{"start":{"line":547,"column":2},"end":{"line":547,"column":null}},"type":"if","locations":[{"start":{"line":547,"column":2},"end":{"line":547,"column":null}},{"start":{},"end":{}}],"line":547},"10":{"loc":{"start":{"line":554,"column":42},"end":{"line":554,"column":60}},"type":"default-arg","locations":[{"start":{"line":554,"column":51},"end":{"line":554,"column":60}}],"line":554},"11":{"loc":{"start":{"line":560,"column":2},"end":{"line":560,"column":null}},"type":"if","locations":[{"start":{"line":560,"column":2},"end":{"line":560,"column":null}},{"start":{},"end":{}}],"line":560},"12":{"loc":{"start":{"line":564,"column":2},"end":{"line":573,"column":null}},"type":"if","locations":[{"start":{"line":564,"column":2},"end":{"line":573,"column":null}},{"start":{},"end":{}}],"line":564}},"s":{"0":1,"1":1,"2":1,"3":9,"4":9,"5":9,"6":9,"7":9,"8":164,"9":164,"10":321,"11":321,"12":1,"13":321,"14":320,"15":320,"16":1,"17":1,"18":164,"19":164,"20":164,"21":155,"22":155,"23":164,"24":1,"25":9,"26":9,"27":9,"28":321,"29":319,"30":319,"31":319,"32":9,"33":319,"34":9,"35":4,"36":4,"37":4,"38":1,"39":3,"40":1,"41":2,"42":9,"43":1,"44":0,"45":0,"46":0,"47":0,"48":0,"49":0,"50":0,"51":0,"52":0,"53":0,"54":0,"55":0,"56":0},"f":{"0":9,"1":321,"2":320,"3":320,"4":1,"5":155,"6":9,"7":321,"8":9,"9":4,"10":0,"11":0},"b":{"0":[1,8],"1":[1,320],"2":[155,9],"3":[9],"4":[9],"5":[319,2],"6":[321,320],"7":[9,1],"8":[1,3],"9":[1,2],"10":[0],"11":[0,0],"12":[0,0]},"meta":{"lastBranch":13,"lastFunction":12,"lastStatement":57,"seen":{"s:1:21:1:Infinity":0,"s:3:28:488:Infinity":1,"s:490:29:522:Infinity":2,"f:490:29:490:36":0,"s:494:21:494:Infinity":3,"b:494:30:494:34:494:34:494:Infinity":0,"s:495:15:495:Infinity":4,"s:497:15:497:Infinity":5,"s:498:1:520:Infinity":6,"s:498:14:498:17":7,"s:499:16:499:Infinity":8,"s:500:19:511:Infinity":9,"f:500:25:500:30":1,"s:501:13:501:Infinity":10,"b:502:3:502:Infinity:undefined:undefined:undefined:undefined":1,"s:502:3:502:Infinity":11,"s:502:15:502:Infinity":12,"s:504:3:510:Infinity":13,"f:505:5:505:11":2,"s:505:19:505:29":14,"f:506:5:506:11":3,"s:506:21:506:60":15,"f:507:5:507:12":4,"s:508:5:508:Infinity":16,"s:509:5:509:Infinity":17,"s:513:23:513:Infinity":18,"s:514:2:514:Infinity":19,"b:517:2:519:Infinity:undefined:undefined:undefined:undefined":2,"s:517:2:519:Infinity":20,"s:518:3:518:Infinity":21,"f:518:13:518:22":5,"s:518:34:518:60":22,"s:521:1:521:Infinity":23,"s:524:25:552:Infinity":24,"f:524:25:524:32":6,"b:524:42:524:56":3,"b:524:65:524:74":4,"s:525:17:525:Infinity":25,"s:527:15:527:Infinity":26,"s:528:1:540:Infinity":27,"f:528:9:528:18":7,"b:529:2:539:Infinity:undefined:undefined:undefined:undefined":5,"s:529:2:539:Infinity":28,"b:529:6:529:16:529:16:529:40":6,"s:530:23:530:Infinity":29,"s:531:20:531:Infinity":30,"s:532:17:537:Infinity":31,"f:532:30:532:35":8,"s:532:45:537:5":32,"b:536:8:536:21:536:21:536:Infinity":7,"s:538:3:538:Infinity":33,"s:543:1:549:Infinity":34,"f:543:9:543:15":9,"s:544:16:544:Infinity":35,"s:545:16:545:Infinity":36,"b:546:2:546:Infinity:undefined:undefined:undefined:undefined":8,"s:546:2:546:Infinity":37,"s:546:20:546:Infinity":38,"b:547:2:547:Infinity:undefined:undefined:undefined:undefined":9,"s:547:2:547:Infinity":39,"s:547:20:547:Infinity":40,"s:548:2:548:Infinity":41,"s:551:1:551:Infinity":42,"s:554:35:579:Infinity":43,"f:554:35:554:42":10,"b:554:51:554:60":10,"s:557:2:557:Infinity":44,"s:558:1:578:Infinity":45,"s:559:12:559:Infinity":46,"b:560:2:560:Infinity:undefined:undefined:undefined:undefined":11,"s:560:2:560:Infinity":47,"s:560:14:560:Infinity":48,"s:562:14:562:Infinity":49,"s:563:15:563:Infinity":50,"b:564:2:573:Infinity:undefined:undefined:undefined:undefined":12,"s:564:2:573:Infinity":51,"s:565:3:572:Infinity":52,"f:566:5:566:10":11,"s:566:20:571:6":53,"s:574:2:574:Infinity":54,"s:576:2:576:Infinity":55,"s:577:2:577:Infinity":56},"fnNames":{}}}
}
